<?xml version="1.0" encoding="UTF-8"?>
<!-- Generated by org.testng.reporters.JUnitReportReporter -->
<testsuite hostname="IGNP-LPWDEV0167" failures="0" tests="1" name="maven_demo.LoginTest" time="0.526" errors="0" timestamp="2024-04-30T23:54:59 IST" skipped="0">
  <testcase classname="maven_demo.LoginTest" name="Login_Success" time="0.526"/>
  <system-out/>
</testsuite> <!-- maven_demo.LoginTest -->
