<?xml version="1.0" encoding="UTF-8"?>
<!-- Generated by org.testng.reporters.JUnitReportReporter -->
<testsuite hostname="IGNP-LPWDEV0167" failures="0" tests="5" name="maven_demo.LoginPageUITest" time="0.046" errors="0" timestamp="2024-04-30T23:54:59 IST" skipped="0">
  <testcase classname="maven_demo.LoginPageUITest" name="Find_Username_Label" time="0.022"/>
  <system-out/>
  <testcase classname="maven_demo.LoginPageUITest" name="Find_Email_Input" time="0.006"/>
  <system-out/>
  <testcase classname="maven_demo.LoginPageUITest" name="Find_Password_Label" time="0.007"/>
  <system-out/>
  <testcase classname="maven_demo.LoginPageUITest" name="Find_Password_Input" time="0.006"/>
  <system-out/>
  <testcase classname="maven_demo.LoginPageUITest" name="Find_Signin_Button" time="0.005"/>
  <system-out/>
</testsuite> <!-- maven_demo.LoginPageUITest -->
