<?xml version="1.0" encoding="UTF-8"?>
<!-- Generated by org.testng.reporters.JUnitReportReporter -->
<testsuite skipped="0" hostname="IGNP-LPWDEV0167" name="maven_demo.LoginPageUITest" tests="5" failures="0" timestamp="2024-04-30T02:01:56 IST" time="0.101" errors="0">
  <testcase name="Find_Username_Label" time="0.033" classname="maven_demo.LoginPageUITest"/>
  <system-out/>
  <testcase name="Find_Email_Input" time="0.028" classname="maven_demo.LoginPageUITest"/>
  <system-out/>
  <testcase name="Find_Password_Label" time="0.010" classname="maven_demo.LoginPageUITest"/>
  <system-out/>
  <testcase name="Find_Password_Input" time="0.017" classname="maven_demo.LoginPageUITest"/>
  <system-out/>
  <testcase name="Find_Signin_Button" time="0.013" classname="maven_demo.LoginPageUITest"/>
  <system-out/>
</testsuite> <!-- maven_demo.LoginPageUITest -->
