<?xml version="1.0" encoding="UTF-8"?>
<!-- Generated by org.testng.reporters.JUnitReportReporter -->
<testsuite skipped="0" hostname="IGNP-LPWDEV0167" name="maven_demo.LoginPageUITest" tests="5" failures="0" timestamp="2024-04-30T17:37:23 IST" time="0.087" errors="0">
  <testcase name="Find_Username_Label" time="0.020" classname="maven_demo.LoginPageUITest"/>
  <system-out/>
  <testcase name="Find_Email_Input" time="0.016" classname="maven_demo.LoginPageUITest"/>
  <system-out/>
  <testcase name="Find_Password_Label" time="0.015" classname="maven_demo.LoginPageUITest"/>
  <system-out/>
  <testcase name="Find_Password_Input" time="0.015" classname="maven_demo.LoginPageUITest"/>
  <system-out/>
  <testcase name="Find_Signin_Button" time="0.021" classname="maven_demo.LoginPageUITest"/>
  <system-out/>
</testsuite> <!-- maven_demo.LoginPageUITest -->
